[parsing started SimpleFileObject[/Users/zenuo/Downloads/playgroud/demo-consumer/src/main/java/demo/consumer/App.java]]
[parsing completed 16ms]
[search path for source files: /Users/zenuo/Downloads/playgroud/demo-consumer/src/main/java,/Users/zenuo/Downloads/playgroud/demo-consumer/target/generated-sources/annotations]
[search path for class files: /opt/app/jdk-11.0.9+11/Contents/Home/lib/modules,/Users/zenuo/Downloads/playgroud/demo-consumer/target/classes,/Users/zenuo/.m2/repository/demo/demo-a/0.0.1-SNAPSHOT/demo-a-0.0.1-SNAPSHOT.jar,.]
[loading /Users/zenuo/.m2/repository/demo/demo-a/0.0.1-SNAPSHOT/demo-a-0.0.1-SNAPSHOT.jar(/demo/a/dto/ProductDto.class)]
[loading /Users/zenuo/.m2/repository/demo/demo-a/0.0.1-SNAPSHOT/demo-a-0.0.1-SNAPSHOT.jar(/demo/a/service/IProductService.class)]
[loading /Users/zenuo/.m2/repository/demo/demo-a/0.0.1-SNAPSHOT/demo-a-0.0.1-SNAPSHOT.jar(/demo/a/service/impl/ProductServiceImpl.class)]
[loading /modules/java.base/java/lang/Object.class]
[loading /modules/java.base/java/lang/String.class]
[loading /modules/java.base/java/lang/Deprecated.class]
[loading /modules/java.base/java/lang/annotation/Retention.class]
[loading /modules/java.base/java/lang/annotation/RetentionPolicy.class]
[loading /modules/java.base/java/lang/annotation/Target.class]
[loading /modules/java.base/java/lang/annotation/ElementType.class]
[checking demo.consumer.App]
[loading /modules/java.base/java/io/Serializable.class]
[loading /modules/java.base/java/lang/AutoCloseable.class]
[loading /modules/java.base/java/math/BigDecimal.class]
[loading /modules/java.base/java/lang/System.class]
[loading /modules/java.base/java/io/PrintStream.class]
[loading /modules/java.base/java/lang/Appendable.class]
[loading /modules/java.base/java/io/Closeable.class]
[loading /modules/java.base/java/io/FilterOutputStream.class]
[loading /modules/java.base/java/io/OutputStream.class]
[loading /modules/java.base/java/io/Flushable.class]
[loading /modules/java.base/java/lang/Number.class]
[wrote /Users/zenuo/Downloads/playgroud/demo-consumer/target/classes/demo/consumer/App.class]
[total 132ms]
